<?xml version="1.0" encoding="UTF-8"?>
<!-- Generated by org.testng.reporters.JUnitXMLReporter -->
<testsuite hostname="Aarush-PC" ignored="0" name="Command line test" tests="12" failures="0" timestamp="28 Apr 2018 06:39:41 GMT" time="347.915" errors="0">
  <testcase name="verifyContactLabelTest" time="2.278" classname="com.crm.qa.testcases.ContactPageTest"/>
  <testcase name="verifyDealsLabelTest" time="0.081" classname="com.crm.qa.testcases.DealsPageTest"/>
  <testcase name="verifyHomePageTitleTest" time="0.02" classname="com.crm.qa.testcases.HomePageTest"/>
  <testcase name="loginPageTitleTest" time="0.221" classname="com.crm.qa.testcases.LoginPageTest"/>
  <testcase name="createNewContactTest" time="7.148" classname="com.crm.qa.testcases.ContactPageTest"/>
  <testcase name="createNewContactTest" time="8.657" classname="com.crm.qa.testcases.ContactPageTest"/>
  <testcase name="createNewDealTest" time="7.272" classname="com.crm.qa.testcases.DealsPageTest"/>
  <testcase name="createNewDealTest" time="8.376" classname="com.crm.qa.testcases.DealsPageTest"/>
  <testcase name="verifyUserNameLabelTest" time="0.338" classname="com.crm.qa.testcases.HomePageTest"/>
  <testcase name="crmLogoImageTest" time="0.2" classname="com.crm.qa.testcases.LoginPageTest"/>
  <testcase name="verifyContactsLinkTest" time="0.734" classname="com.crm.qa.testcases.HomePageTest"/>
  <testcase name="loginTest" time="16.138" classname="com.crm.qa.testcases.LoginPageTest"/>
</testsuite> <!-- Command line test -->
