<?xml version="1.0" encoding="UTF-8"?>
<testng-results skipped="0" failed="0" ignored="0" total="12" passed="12">
  <reporter-output>
  </reporter-output>
  <suite name="Command line suite" duration-ms="347915" started-at="2018-04-28T06:33:53Z" finished-at="2018-04-28T06:39:41Z">
    <groups>
    </groups>
    <test name="Command line test" duration-ms="347915" started-at="2018-04-28T06:33:53Z" finished-at="2018-04-28T06:39:41Z">
      <class name="com.crm.qa.testcases.ContactPageTest">
        <test-method status="PASS" signature="setUp()[pri:0, instance:com.crm.qa.testcases.ContactPageTest@5315b42e]" name="setUp" is-config="true" duration-ms="28455" started-at="2018-04-28T12:03:53Z" finished-at="2018-04-28T12:04:21Z">
          <reporter-output>
          </reporter-output>
        </test-method> <!-- setUp -->
        <test-method status="PASS" signature="verifyContactLabelTest()[pri:1, instance:com.crm.qa.testcases.ContactPageTest@5315b42e]" name="verifyContactLabelTest" duration-ms="2278" started-at="2018-04-28T12:04:21Z" finished-at="2018-04-28T12:04:24Z">
          <reporter-output>
          </reporter-output>
        </test-method> <!-- verifyContactLabelTest -->
        <test-method status="PASS" signature="tearDown()[pri:0, instance:com.crm.qa.testcases.ContactPageTest@5315b42e]" name="tearDown" is-config="true" duration-ms="811" started-at="2018-04-28T12:04:24Z" finished-at="2018-04-28T12:04:24Z">
          <reporter-output>
          </reporter-output>
        </test-method> <!-- tearDown -->
        <test-method status="PASS" signature="setUp()[pri:0, instance:com.crm.qa.testcases.ContactPageTest@5315b42e]" name="setUp" is-config="true" duration-ms="25217" started-at="2018-04-28T12:05:31Z" finished-at="2018-04-28T12:05:56Z">
          <reporter-output>
          </reporter-output>
        </test-method> <!-- setUp -->
        <test-method status="PASS" signature="createNewContactTest(java.lang.String, java.lang.String, java.lang.String, java.lang.String)[pri:2, instance:com.crm.qa.testcases.ContactPageTest@5315b42e]" name="createNewContactTest" duration-ms="7148" started-at="2018-04-28T12:05:56Z" data-provider="getCRMTestData" finished-at="2018-04-28T12:06:03Z">
          <params>
            <param index="0">
              <value>
                <![CDATA[Mr.]]>
              </value>
            </param>
            <param index="1">
              <value>
                <![CDATA[Aarush]]>
              </value>
            </param>
            <param index="2">
              <value>
                <![CDATA[Sinha]]>
              </value>
            </param>
            <param index="3">
              <value>
                <![CDATA[Microsoft]]>
              </value>
            </param>
          </params>
          <reporter-output>
          </reporter-output>
        </test-method> <!-- createNewContactTest -->
        <test-method status="PASS" signature="tearDown()[pri:0, instance:com.crm.qa.testcases.ContactPageTest@5315b42e]" name="tearDown" is-config="true" duration-ms="755" started-at="2018-04-28T12:06:03Z" finished-at="2018-04-28T12:06:04Z">
          <reporter-output>
          </reporter-output>
        </test-method> <!-- tearDown -->
        <test-method status="PASS" signature="setUp()[pri:0, instance:com.crm.qa.testcases.ContactPageTest@5315b42e]" name="setUp" is-config="true" duration-ms="24946" started-at="2018-04-28T12:06:04Z" finished-at="2018-04-28T12:06:29Z">
          <reporter-output>
          </reporter-output>
        </test-method> <!-- setUp -->
        <test-method status="PASS" signature="createNewContactTest(java.lang.String, java.lang.String, java.lang.String, java.lang.String)[pri:2, instance:com.crm.qa.testcases.ContactPageTest@5315b42e]" name="createNewContactTest" duration-ms="8657" started-at="2018-04-28T12:06:29Z" data-provider="getCRMTestData" finished-at="2018-04-28T12:06:37Z">
          <params>
            <param index="0">
              <value>
                <![CDATA[Mr.]]>
              </value>
            </param>
            <param index="1">
              <value>
                <![CDATA[Swatika]]>
              </value>
            </param>
            <param index="2">
              <value>
                <![CDATA[Sinha]]>
              </value>
            </param>
            <param index="3">
              <value>
                <![CDATA[Microsoft]]>
              </value>
            </param>
          </params>
          <reporter-output>
          </reporter-output>
        </test-method> <!-- createNewContactTest -->
        <test-method status="PASS" signature="tearDown()[pri:0, instance:com.crm.qa.testcases.ContactPageTest@5315b42e]" name="tearDown" is-config="true" duration-ms="806" started-at="2018-04-28T12:06:37Z" finished-at="2018-04-28T12:06:38Z">
          <reporter-output>
          </reporter-output>
        </test-method> <!-- tearDown -->
      </class> <!-- com.crm.qa.testcases.ContactPageTest -->
      <class name="com.crm.qa.testcases.HomePageTest">
        <test-method status="PASS" signature="setUp()[pri:0, instance:com.crm.qa.testcases.HomePageTest@5d624da6]" name="setUp" is-config="true" duration-ms="27831" started-at="2018-04-28T12:04:47Z" finished-at="2018-04-28T12:05:15Z">
          <reporter-output>
          </reporter-output>
        </test-method> <!-- setUp -->
        <test-method status="PASS" signature="verifyHomePageTitleTest()[pri:1, instance:com.crm.qa.testcases.HomePageTest@5d624da6]" name="verifyHomePageTitleTest" duration-ms="20" started-at="2018-04-28T12:05:15Z" finished-at="2018-04-28T12:05:15Z">
          <reporter-output>
          </reporter-output>
        </test-method> <!-- verifyHomePageTitleTest -->
        <test-method status="PASS" signature="tearDown()[pri:0, instance:com.crm.qa.testcases.HomePageTest@5d624da6]" name="tearDown" is-config="true" duration-ms="784" started-at="2018-04-28T12:05:15Z" finished-at="2018-04-28T12:05:16Z">
          <reporter-output>
          </reporter-output>
        </test-method> <!-- tearDown -->
        <test-method status="PASS" signature="setUp()[pri:0, instance:com.crm.qa.testcases.HomePageTest@5d624da6]" name="setUp" is-config="true" duration-ms="29381" started-at="2018-04-28T12:07:59Z" finished-at="2018-04-28T12:08:28Z">
          <reporter-output>
          </reporter-output>
        </test-method> <!-- setUp -->
        <test-method status="PASS" signature="verifyUserNameLabelTest()[pri:2, instance:com.crm.qa.testcases.HomePageTest@5d624da6]" name="verifyUserNameLabelTest" duration-ms="338" started-at="2018-04-28T12:08:28Z" finished-at="2018-04-28T12:08:29Z">
          <reporter-output>
          </reporter-output>
        </test-method> <!-- verifyUserNameLabelTest -->
        <test-method status="PASS" signature="tearDown()[pri:0, instance:com.crm.qa.testcases.HomePageTest@5d624da6]" name="tearDown" is-config="true" duration-ms="824" started-at="2018-04-28T12:08:29Z" finished-at="2018-04-28T12:08:30Z">
          <reporter-output>
          </reporter-output>
        </test-method> <!-- tearDown -->
        <test-method status="PASS" signature="setUp()[pri:0, instance:com.crm.qa.testcases.HomePageTest@5d624da6]" name="setUp" is-config="true" duration-ms="27343" started-at="2018-04-28T12:08:43Z" finished-at="2018-04-28T12:09:10Z">
          <reporter-output>
          </reporter-output>
        </test-method> <!-- setUp -->
        <test-method status="PASS" signature="verifyContactsLinkTest()[pri:3, instance:com.crm.qa.testcases.HomePageTest@5d624da6]" name="verifyContactsLinkTest" duration-ms="734" started-at="2018-04-28T12:09:10Z" finished-at="2018-04-28T12:09:11Z">
          <reporter-output>
          </reporter-output>
        </test-method> <!-- verifyContactsLinkTest -->
        <test-method status="PASS" signature="tearDown()[pri:0, instance:com.crm.qa.testcases.HomePageTest@5d624da6]" name="tearDown" is-config="true" duration-ms="992" started-at="2018-04-28T12:09:11Z" finished-at="2018-04-28T12:09:12Z">
          <reporter-output>
          </reporter-output>
        </test-method> <!-- tearDown -->
      </class> <!-- com.crm.qa.testcases.HomePageTest -->
      <class name="com.crm.qa.testcases.LoginPageTest">
        <test-method status="PASS" signature="setUp()[pri:0, instance:com.crm.qa.testcases.LoginPageTest@1e67b872]" name="setUp" is-config="true" duration-ms="10970" started-at="2018-04-28T12:05:16Z" finished-at="2018-04-28T12:05:27Z">
          <reporter-output>
          </reporter-output>
        </test-method> <!-- setUp -->
        <test-method status="PASS" signature="loginPageTitleTest()[pri:1, instance:com.crm.qa.testcases.LoginPageTest@1e67b872]" name="loginPageTitleTest" duration-ms="221" started-at="2018-04-28T12:05:27Z" finished-at="2018-04-28T12:05:27Z">
          <reporter-output>
          </reporter-output>
        </test-method> <!-- loginPageTitleTest -->
        <test-method status="PASS" signature="tearDown()[pri:0, instance:com.crm.qa.testcases.LoginPageTest@1e67b872]" name="tearDown" is-config="true" duration-ms="1054" started-at="2018-04-28T12:05:27Z" finished-at="2018-04-28T12:05:28Z">
          <reporter-output>
          </reporter-output>
        </test-method> <!-- tearDown -->
        <test-method status="PASS" signature="setUp()[pri:0, instance:com.crm.qa.testcases.LoginPageTest@1e67b872]" name="setUp" is-config="true" duration-ms="12100" started-at="2018-04-28T12:08:30Z" finished-at="2018-04-28T12:08:42Z">
          <reporter-output>
          </reporter-output>
        </test-method> <!-- setUp -->
        <test-method status="PASS" signature="crmLogoImageTest()[pri:2, instance:com.crm.qa.testcases.LoginPageTest@1e67b872]" name="crmLogoImageTest" duration-ms="200" started-at="2018-04-28T12:08:42Z" finished-at="2018-04-28T12:08:42Z">
          <reporter-output>
          </reporter-output>
        </test-method> <!-- crmLogoImageTest -->
        <test-method status="PASS" signature="tearDown()[pri:0, instance:com.crm.qa.testcases.LoginPageTest@1e67b872]" name="tearDown" is-config="true" duration-ms="900" started-at="2018-04-28T12:08:42Z" finished-at="2018-04-28T12:08:43Z">
          <reporter-output>
          </reporter-output>
        </test-method> <!-- tearDown -->
        <test-method status="PASS" signature="setUp()[pri:0, instance:com.crm.qa.testcases.LoginPageTest@1e67b872]" name="setUp" is-config="true" duration-ms="12062" started-at="2018-04-28T12:09:12Z" finished-at="2018-04-28T12:09:24Z">
          <reporter-output>
          </reporter-output>
        </test-method> <!-- setUp -->
        <test-method status="PASS" signature="loginTest()[pri:3, instance:com.crm.qa.testcases.LoginPageTest@1e67b872]" name="loginTest" duration-ms="16138" started-at="2018-04-28T12:09:24Z" finished-at="2018-04-28T12:09:40Z">
          <reporter-output>
          </reporter-output>
        </test-method> <!-- loginTest -->
        <test-method status="PASS" signature="tearDown()[pri:0, instance:com.crm.qa.testcases.LoginPageTest@1e67b872]" name="tearDown" is-config="true" duration-ms="717" started-at="2018-04-28T12:09:40Z" finished-at="2018-04-28T12:09:41Z">
          <reporter-output>
          </reporter-output>
        </test-method> <!-- tearDown -->
      </class> <!-- com.crm.qa.testcases.LoginPageTest -->
      <class name="com.crm.qa.testcases.DealsPageTest">
        <test-method status="PASS" signature="setUp()[pri:0, instance:com.crm.qa.testcases.DealsPageTest@2ef9b8bc]" name="setUp" is-config="true" duration-ms="22939" started-at="2018-04-28T12:04:24Z" finished-at="2018-04-28T12:04:47Z">
          <reporter-output>
          </reporter-output>
        </test-method> <!-- setUp -->
        <test-method status="PASS" signature="verifyDealsLabelTest()[pri:1, instance:com.crm.qa.testcases.DealsPageTest@2ef9b8bc]" name="verifyDealsLabelTest" duration-ms="81" started-at="2018-04-28T12:04:47Z" finished-at="2018-04-28T12:04:47Z">
          <reporter-output>
          </reporter-output>
        </test-method> <!-- verifyDealsLabelTest -->
        <test-method status="PASS" signature="setUp()[pri:0, instance:com.crm.qa.testcases.DealsPageTest@2ef9b8bc]" name="setUp" is-config="true" duration-ms="24788" started-at="2018-04-28T12:06:38Z" finished-at="2018-04-28T12:07:03Z">
          <reporter-output>
          </reporter-output>
        </test-method> <!-- setUp -->
        <test-method status="PASS" signature="createNewDealTest(java.lang.String, java.lang.String, java.lang.String, java.lang.String)[pri:2, instance:com.crm.qa.testcases.DealsPageTest@2ef9b8bc]" name="createNewDealTest" duration-ms="7272" started-at="2018-04-28T12:07:03Z" data-provider="getCRMDealData" finished-at="2018-04-28T12:07:10Z">
          <params>
            <param index="0">
              <value>
                <![CDATA[abc]]>
              </value>
            </param>
            <param index="1">
              <value>
                <![CDATA[abc]]>
              </value>
            </param>
            <param index="2">
              <value>
                <![CDATA[abc]]>
              </value>
            </param>
            <param index="3">
              <value>
                <![CDATA[100.0]]>
              </value>
            </param>
          </params>
          <reporter-output>
          </reporter-output>
        </test-method> <!-- createNewDealTest -->
        <test-method status="PASS" signature="setUp()[pri:0, instance:com.crm.qa.testcases.DealsPageTest@2ef9b8bc]" name="setUp" is-config="true" duration-ms="40377" started-at="2018-04-28T12:07:10Z" finished-at="2018-04-28T12:07:51Z">
          <reporter-output>
          </reporter-output>
        </test-method> <!-- setUp -->
        <test-method status="PASS" signature="createNewDealTest(java.lang.String, java.lang.String, java.lang.String, java.lang.String)[pri:2, instance:com.crm.qa.testcases.DealsPageTest@2ef9b8bc]" name="createNewDealTest" duration-ms="8376" started-at="2018-04-28T12:07:51Z" data-provider="getCRMDealData" finished-at="2018-04-28T12:07:59Z">
          <params>
            <param index="0">
              <value>
                <![CDATA[xyz]]>
              </value>
            </param>
            <param index="1">
              <value>
                <![CDATA[xyz]]>
              </value>
            </param>
            <param index="2">
              <value>
                <![CDATA[xyz]]>
              </value>
            </param>
            <param index="3">
              <value>
                <![CDATA[200.0]]>
              </value>
            </param>
          </params>
          <reporter-output>
          </reporter-output>
        </test-method> <!-- createNewDealTest -->
        <test-method status="PASS" signature="teardown()[pri:0, instance:com.crm.qa.testcases.DealsPageTest@2ef9b8bc]" name="teardown" is-config="true" duration-ms="1" started-at="2018-04-28T12:09:41Z" finished-at="2018-04-28T12:09:41Z">
          <reporter-output>
          </reporter-output>
        </test-method> <!-- teardown -->
      </class> <!-- com.crm.qa.testcases.DealsPageTest -->
    </test> <!-- Command line test -->
  </suite> <!-- Command line suite -->
</testng-results>
