<?xml version="1.0" encoding="UTF-8" ?>
<testsuite tests="12" failures="0" name="TestSuite" time="51.448" errors="0" skipped="0">
  <properties>
[...]
</properties>
  <testcase classname="com.crm.qa.testcases.ContactPageTest" name="verifyContactLabelTest" time="2.278"/>
  <testcase classname="com.crm.qa.testcases.DealsPageTest" name="verifyDealsLabelTest" time="0.091"/>
  <testcase classname="com.crm.qa.testcases.HomePageTest" name="verifyHomePageTitleTest" time="0.026"/>
  <testcase classname="com.crm.qa.testcases.LoginPageTest" name="loginPageTitleTest" time="0.227"/>
  <testcase classname="com.crm.qa.testcases.ContactPageTest" name="createNewContactTest" time="7.113"/>
  <testcase classname="com.crm.qa.testcases.ContactPageTest" name="createNewContactTest" time="8.656"/>
  <testcase classname="com.crm.qa.testcases.DealsPageTest" name="createNewDealTest" time="7.271"/>
  <testcase classname="com.crm.qa.testcases.DealsPageTest" name="createNewDealTest" time="8.375"/>
  <testcase classname="com.crm.qa.testcases.HomePageTest" name="verifyUserNameLabelTest" time="0.339"/>
  <testcase classname="com.crm.qa.testcases.LoginPageTest" name="crmLogoImageTest" time="0.203"/>
  <testcase classname="com.crm.qa.testcases.HomePageTest" name="verifyContactsLinkTest" time="0.728"/>
  <testcase classname="com.crm.qa.testcases.LoginPageTest" name="loginTest" time="16.141"/>
</testsuite>