<?xml version="1.0" encoding="UTF-8"?>
<testng-results skipped="0" failed="0" ignored="0" total="1" passed="1">
  <reporter-output>
  </reporter-output>
  <suite name="Default suite" duration-ms="30827" started-at="2018-05-17T11:40:08Z" finished-at="2018-05-17T11:40:39Z">
    <groups>
    </groups>
    <test name="Default test" duration-ms="30827" started-at="2018-05-17T11:40:08Z" finished-at="2018-05-17T11:40:39Z">
      <class name="com.crm.qa.testcases.TasksPageTest">
        <test-method status="PASS" signature="setUp()[pri:0, instance:com.crm.qa.testcases.TasksPageTest@1e88b3c]" name="setUp" is-config="true" duration-ms="25661" started-at="2018-05-17T17:10:08Z" finished-at="2018-05-17T17:10:34Z">
          <reporter-output>
          </reporter-output>
        </test-method> <!-- setUp -->
        <test-method status="PASS" signature="createNewTaskTest()[pri:0, instance:com.crm.qa.testcases.TasksPageTest@1e88b3c]" name="createNewTaskTest" duration-ms="4110" started-at="2018-05-17T17:10:34Z" finished-at="2018-05-17T17:10:38Z">
          <reporter-output>
          </reporter-output>
        </test-method> <!-- createNewTaskTest -->
        <test-method status="PASS" signature="teardown()[pri:0, instance:com.crm.qa.testcases.TasksPageTest@1e88b3c]" name="teardown" is-config="true" duration-ms="954" started-at="2018-05-17T17:10:38Z" finished-at="2018-05-17T17:10:39Z">
          <reporter-output>
          </reporter-output>
        </test-method> <!-- teardown -->
      </class> <!-- com.crm.qa.testcases.TasksPageTest -->
    </test> <!-- Default test -->
  </suite> <!-- Default suite -->
</testng-results>
